[I 2025-01-09 18:57:02,307] Trial 175 finished with value: 0.7506297988183117 and parameters: {'max_depth': 5, 'min_child_weight': 1, 'subsample': 0.6, 'colsample_bytree': 1.0, 'learning_rate': 0.1}. Best is trial 84 with value: 0.7534991583672153.
[I 2025-01-09 18:57:13,036] Trial 176 finished with value: 0.7500002814825366 and parameters: {'max_depth': 5, 'min_child_weight': 5, 'subsample': 0.6, 'colsample_bytree': 0.6, 'learning_rate': 0.1}. Best is trial 84 with value: 0.7534991583672153.
[I 2025-01-09 18:57:35,340] Trial 177 finished with value: 0.7066196615307119 and parameters: {'max_depth': 7, 'min_child_weight': 5, 'subsample': 0.6, 'colsample_bytree': 0.8, 'learning_rate': 0.01}. Best is trial 84 with value: 0.7534991583672153.
[I 2025-01-09 18:57:56,744] Trial 178 finished with value: 0.7492307571806807 and parameters: {'max_depth': 7, 'min_child_weight': 5, 'subsample': 0.6, 'colsample_bytree': 0.8, 'learning_rate': 0.1}. Best is trial 84 with value: 0.7534991583672153.
[I 2025-01-09 18:58:22,866] Trial 179 finished with value: 0.7494405228623788 and parameters: {'max_depth': 7, 'min_child_weight': 3, 'subsample': 0.6, 'colsample_bytree': 1.0, 'learning_rate': 0.1}. Best is trial 84 with value: 0.7534991583672153.
[I 2025-01-09 18:58:33,591] Trial 180 finished with value: 0.6938850244192218 and parameters: {'max_depth': 5, 'min_child_weight': 5, 'subsample': 1.0, 'colsample_bytree': 0.6, 'learning_rate': 0.01}. Best is trial 84 with value: 0.7534991583672153.
[I 2025-01-09 18:58:44,980] Trial 181 finished with value: 0.7451022650532577 and parameters: {'max_depth': 5, 'min_child_weight': 1, 'subsample': 1.0, 'colsample_bytree': 0.6, 'learning_rate': 0.1}. Best is trial 84 with value: 0.7534991583672153.
[I 2025-01-09 18:59:07,731] Trial 182 finished with value: 0.7485305999665648 and parameters: {'max_depth': 7, 'min_child_weight': 5, 'subsample': 0.8, 'colsample_bytree': 0.8, 'learning_rate': 0.1}. Best is trial 84 with value: 0.7534991583672153.
[I 2025-01-09 18:59:28,649] Trial 183 finished with value: 0.7458021040697236 and parameters: {'max_depth': 7, 'min_child_weight': 5, 'subsample': 1.0, 'colsample_bytree': 0.6, 'learning_rate': 0.1}. Best is trial 84 with value: 0.7534991583672153.
[I 2025-01-09 18:59:34,241] Trial 184 finished with value: 0.6583400705566573 and parameters: {'max_depth': 3, 'min_child_weight': 1, 'subsample': 1.0, 'colsample_bytree': 1.0, 'learning_rate': 0.01}. Best is trial 84 with value: 0.7534991583672153.
[I 2025-01-09 18:59:58,625] Trial 185 finished with value: 0.7034710957821433 and parameters: {'max_depth': 7, 'min_child_weight': 5, 'subsample': 0.6, 'colsample_bytree': 1.0, 'learning_rate': 0.01}. Best is trial 84 with value: 0.7534991583672153.
[I 2025-01-09 19:00:28,041] Trial 186 finished with value: 0.7413235945270984 and parameters: {'max_depth': 7, 'min_child_weight': 1, 'subsample': 1.0, 'colsample_bytree': 0.8, 'learning_rate': 0.1}. Best is trial 84 with value: 0.7534991583672153.
[I 2025-01-09 19:00:33,256] Trial 187 finished with value: 0.7337677710328036 and parameters: {'max_depth': 3, 'min_child_weight': 5, 'subsample': 0.8, 'colsample_bytree': 0.6, 'learning_rate': 0.1}. Best is trial 84 with value: 0.7534991583672153.
[I 2025-01-09 19:00:38,486] Trial 188 finished with value: 0.7334177536176014 and parameters: {'max_depth': 3, 'min_child_weight': 1, 'subsample': 0.8, 'colsample_bytree': 0.6, 'learning_rate': 0.1}. Best is trial 84 with value: 0.7534991583672153.
[I 2025-01-09 19:01:05,398] Trial 189 finished with value: 0.7057799868853614 and parameters: {'max_depth': 7, 'min_child_weight': 3, 'subsample': 0.6, 'colsample_bytree': 1.0, 'learning_rate': 0.01}. Best is trial 84 with value: 0.7534991583672153.
[I 2025-01-09 19:01:11,054] Trial 190 finished with value: 0.7362166446253603 and parameters: {'max_depth': 3, 'min_child_weight': 5, 'subsample': 0.6, 'colsample_bytree': 0.8, 'learning_rate': 0.1}. Best is trial 84 with value: 0.7534991583672153.
[I 2025-01-09 19:01:16,680] Trial 191 finished with value: 0.6623984368173284 and parameters: {'max_depth': 3, 'min_child_weight': 1, 'subsample': 0.8, 'colsample_bytree': 1.0, 'learning_rate': 0.01}. Best is trial 84 with value: 0.7534991583672153.
[I 2025-01-09 19:01:27,821] Trial 192 finished with value: 0.7505596729515597 and parameters: {'max_depth': 5, 'min_child_weight': 5, 'subsample': 0.8, 'colsample_bytree': 0.8, 'learning_rate': 0.3}. Best is trial 84 with value: 0.7534991583672153.
[I 2025-01-09 19:01:33,023] Trial 193 finished with value: 0.7331379354993782 and parameters: {'max_depth': 3, 'min_child_weight': 3, 'subsample': 0.8, 'colsample_bytree': 0.6, 'learning_rate': 0.1}. Best is trial 84 with value: 0.7534991583672153.
[I 2025-01-09 19:01:47,202] Trial 194 finished with value: 0.7478316665895649 and parameters: {'max_depth': 5, 'min_child_weight': 1, 'subsample': 0.8, 'colsample_bytree': 1.0, 'learning_rate': 0.1}. Best is trial 84 with value: 0.7534991583672153.
[I 2025-01-09 19:02:16,070] Trial 195 finished with value: 0.7475514078899799 and parameters: {'max_depth': 7, 'min_child_weight': 1, 'subsample': 0.8, 'colsample_bytree': 0.8, 'learning_rate': 0.1}. Best is trial 84 with value: 0.7534991583672153.
[I 2025-01-09 19:02:47,820] Trial 196 finished with value: 0.6956343527162208 and parameters: {'max_depth': 7, 'min_child_weight': 3, 'subsample': 1.0, 'colsample_bytree': 1.0, 'learning_rate': 0.01}. Best is trial 84 with value: 0.7534991583672153.
[I 2025-01-09 19:03:13,960] Trial 197 finished with value: 0.7434233808206611 and parameters: {'max_depth': 7, 'min_child_weight': 5, 'subsample': 1.0, 'colsample_bytree': 1.0, 'learning_rate': 0.1}. Best is trial 84 with value: 0.7534991583672153.
[I 2025-01-09 19:03:27,588] Trial 198 finished with value: 0.7462217578168312 and parameters: {'max_depth': 5, 'min_child_weight': 1, 'subsample': 0.6, 'colsample_bytree': 1.0, 'learning_rate': 0.3}. Best is trial 84 with value: 0.7534991583672153.
[I 2025-01-09 19:03:32,813] Trial 199 finished with value: 0.7305489815105137 and parameters: {'max_depth': 3, 'min_child_weight': 3, 'subsample': 1.0, 'colsample_bytree': 0.6, 'learning_rate': 0.1}. Best is trial 84 with value: 0.7534991583672153.
[I 2025-01-09 19:03:38,421] Trial 200 finished with value: 0.658480053045996 and parameters: {'max_depth': 3, 'min_child_weight': 3, 'subsample': 1.0, 'colsample_bytree': 1.0, 'learning_rate': 0.01}. Best is trial 84 with value: 0.7534991583672153.
[I 2025-01-09 19:03:44,002] Trial 201 finished with value: 0.7529392773633458 and parameters: {'max_depth': 3, 'min_child_weight': 5, 'subsample': 0.8, 'colsample_bytree': 0.8, 'learning_rate': 0.3}. Best is trial 84 with value: 0.7534991583672153.
[I 2025-01-09 19:03:57,871] Trial 202 finished with value: 0.7438431814282229 and parameters: {'max_depth': 5, 'min_child_weight': 3, 'subsample': 1.0, 'colsample_bytree': 1.0, 'learning_rate': 0.1}. Best is trial 84 with value: 0.7534991583672153.
[I 2025-01-09 19:04:09,434] Trial 203 finished with value: 0.7453120307349558 and parameters: {'max_depth': 5, 'min_child_weight': 3, 'subsample': 0.6, 'colsample_bytree': 0.8, 'learning_rate': 0.3}. Best is trial 84 with value: 0.7534991583672153.
[I 2025-01-09 19:04:14,644] Trial 204 finished with value: 0.7308291423031293 and parameters: {'max_depth': 3, 'min_child_weight': 1, 'subsample': 1.0, 'colsample_bytree': 0.6, 'learning_rate': 0.1}. Best is trial 84 with value: 0.7534991583672153.
[I 2025-01-09 19:04:27,456] Trial 205 finished with value: 0.6914359550127267 and parameters: {'max_depth': 5, 'min_child_weight': 5, 'subsample': 0.6, 'colsample_bytree': 1.0, 'learning_rate': 0.01}. Best is trial 84 with value: 0.7534991583672153.
[I 2025-01-09 19:04:55,251] Trial 206 finished with value: 0.7077388850501197 and parameters: {'max_depth': 7, 'min_child_weight': 1, 'subsample': 0.6, 'colsample_bytree': 0.8, 'learning_rate': 0.01}. Best is trial 84 with value: 0.7534991583672153.
[I 2025-01-09 19:05:00,495] Trial 207 finished with value: 0.6632375729743477 and parameters: {'max_depth': 3, 'min_child_weight': 1, 'subsample': 0.8, 'colsample_bytree': 0.8, 'learning_rate': 0.01}. Best is trial 84 with value: 0.7534991583672153.
[I 2025-01-09 19:05:22,104] Trial 208 finished with value: 0.749720267550375 and parameters: {'max_depth': 7, 'min_child_weight': 3, 'subsample': 1.0, 'colsample_bytree': 1.0, 'learning_rate': 0.3}. Best is trial 84 with value: 0.7534991583672153.
[I 2025-01-09 19:05:35,490] Trial 209 finished with value: 0.6900365951774454 and parameters: {'max_depth': 5, 'min_child_weight': 3, 'subsample': 0.8, 'colsample_bytree': 1.0, 'learning_rate': 0.01}. Best is trial 84 with value: 0.7534991583672153.
[I 2025-01-09 19:05:51,595] Trial 210 finished with value: 0.7502099492572655 and parameters: {'max_depth': 7, 'min_child_weight': 5, 'subsample': 0.8, 'colsample_bytree': 0.6, 'learning_rate': 0.3}. Best is trial 84 with value: 0.7534991583672153.
[I 2025-01-09 19:05:57,625] Trial 211 finished with value: 0.7309691492692101 and parameters: {'max_depth': 3, 'min_child_weight': 5, 'subsample': 1.0, 'colsample_bytree': 1.0, 'learning_rate': 0.1}. Best is trial 84 with value: 0.7534991583672153.
[I 2025-01-09 19:06:29,857] Trial 212 finished with value: 0.74783098124078 and parameters: {'max_depth': 7, 'min_child_weight': 1, 'subsample': 0.8, 'colsample_bytree': 1.0, 'learning_rate': 0.1}. Best is trial 84 with value: 0.7534991583672153.
[I 2025-01-09 19:06:35,504] Trial 213 finished with value: 0.7342575261699209 and parameters: {'max_depth': 3, 'min_child_weight': 5, 'subsample': 0.8, 'colsample_bytree': 0.8, 'learning_rate': 0.1}. Best is trial 84 with value: 0.7534991583672153.
[I 2025-01-09 19:06:47,195] Trial 214 finished with value: 0.7488105404684996 and parameters: {'max_depth': 5, 'min_child_weight': 3, 'subsample': 0.8, 'colsample_bytree': 0.8, 'learning_rate': 0.3}. Best is trial 84 with value: 0.7534991583672153.
[I 2025-01-09 19:07:12,568] Trial 215 finished with value: 0.7503504212814505 and parameters: {'max_depth': 7, 'min_child_weight': 1, 'subsample': 0.8, 'colsample_bytree': 1.0, 'learning_rate': 0.3}. Best is trial 84 with value: 0.7534991583672153.
[I 2025-01-09 19:07:32,771] Trial 216 finished with value: 0.7464317927426949 and parameters: {'max_depth': 7, 'min_child_weight': 1, 'subsample': 0.6, 'colsample_bytree': 0.6, 'learning_rate': 0.3}. Best is trial 84 with value: 0.7534991583672153.
[I 2025-01-09 19:07:51,048] Trial 217 finished with value: 0.7495098654733765 and parameters: {'max_depth': 7, 'min_child_weight': 3, 'subsample': 1.0, 'colsample_bytree': 0.6, 'learning_rate': 0.3}. Best is trial 84 with value: 0.7534991583672153.
[I 2025-01-09 19:08:13,355] Trial 218 finished with value: 0.7075291927986487 and parameters: {'max_depth': 7, 'min_child_weight': 5, 'subsample': 0.8, 'colsample_bytree': 0.6, 'learning_rate': 0.01}. Best is trial 84 with value: 0.7534991583672153.
[I 2025-01-09 19:08:19,375] Trial 219 finished with value: 0.6643574084123136 and parameters: {'max_depth': 3, 'min_child_weight': 3, 'subsample': 0.6, 'colsample_bytree': 1.0, 'learning_rate': 0.01}. Best is trial 84 with value: 0.7534991583672153.
[I 2025-01-09 19:08:24,988] Trial 220 finished with value: 0.6673661140552553 and parameters: {'max_depth': 3, 'min_child_weight': 1, 'subsample': 0.6, 'colsample_bytree': 0.8, 'learning_rate': 0.01}. Best is trial 84 with value: 0.7534991583672153.
[I 2025-01-09 19:08:38,249] Trial 221 finished with value: 0.7430732165450049 and parameters: {'max_depth': 5, 'min_child_weight': 3, 'subsample': 0.6, 'colsample_bytree': 1.0, 'learning_rate': 0.3}. Best is trial 84 with value: 0.7534991583672153.
[I 2025-01-09 19:08:51,870] Trial 222 finished with value: 0.6919256367196173 and parameters: {'max_depth': 5, 'min_child_weight': 3, 'subsample': 0.6, 'colsample_bytree': 1.0, 'learning_rate': 0.01}. Best is trial 84 with value: 0.7534991583672153.
[I 2025-01-09 19:09:04,507] Trial 223 finished with value: 0.750280638089091 and parameters: {'max_depth': 5, 'min_child_weight': 5, 'subsample': 0.6, 'colsample_bytree': 1.0, 'learning_rate': 0.3}. Best is trial 84 with value: 0.7534991583672153.
[I 2025-01-09 19:09:16,368] Trial 224 finished with value: 0.7476914882862878 and parameters: {'max_depth': 5, 'min_child_weight': 3, 'subsample': 0.6, 'colsample_bytree': 0.6, 'learning_rate': 0.1}. Best is trial 84 with value: 0.7534991583672153.
[I 2025-01-09 19:09:22,829] Trial 225 finished with value: 0.734677351254225 and parameters: {'max_depth': 3, 'min_child_weight': 3, 'subsample': 0.8, 'colsample_bytree': 1.0, 'learning_rate': 0.1}. Best is trial 84 with value: 0.7534991583672153.
[I 2025-01-09 19:09:28,336] Trial 226 finished with value: 0.753358661866288 and parameters: {'max_depth': 3, 'min_child_weight': 3, 'subsample': 0.8, 'colsample_bytree': 0.6, 'learning_rate': 0.3}. Best is trial 84 with value: 0.7534991583672153.
[I 2025-01-09 19:09:34,202] Trial 227 finished with value: 0.7531491654287554 and parameters: {'max_depth': 3, 'min_child_weight': 3, 'subsample': 1.0, 'colsample_bytree': 0.8, 'learning_rate': 0.3}. Best is trial 84 with value: 0.7534991583672153.
[I 2025-01-09 19:09:39,766] Trial 228 finished with value: 0.6634475589467266 and parameters: {'max_depth': 3, 'min_child_weight': 5, 'subsample': 0.8, 'colsample_bytree': 0.8, 'learning_rate': 0.01}. Best is trial 84 with value: 0.7534991583672153.
[I 2025-01-09 19:09:46,180] Trial 229 finished with value: 0.7506299456787657 and parameters: {'max_depth': 3, 'min_child_weight': 1, 'subsample': 0.6, 'colsample_bytree': 1.0, 'learning_rate': 0.3}. Best is trial 84 with value: 0.7534991583672153.
[I 2025-01-09 19:09:56,869] Trial 230 finished with value: 0.7502801240775021 and parameters: {'max_depth': 5, 'min_child_weight': 5, 'subsample': 0.8, 'colsample_bytree': 0.6, 'learning_rate': 0.3}. Best is trial 84 with value: 0.7534991583672153.
[I 2025-01-09 19:10:02,419] Trial 231 finished with value: 0.6672261315659167 and parameters: {'max_depth': 3, 'min_child_weight': 5, 'subsample': 0.6, 'colsample_bytree': 0.8, 'learning_rate': 0.01}. Best is trial 84 with value: 0.7534991583672153.
[I 2025-01-09 19:10:14,148] Trial 232 finished with value: 0.7458025936045699 and parameters: {'max_depth': 5, 'min_child_weight': 1, 'subsample': 0.6, 'colsample_bytree': 0.6, 'learning_rate': 0.1}. Best is trial 84 with value: 0.7534991583672153.
[I 2025-01-09 19:10:36,797] Trial 233 finished with value: 0.7068294761658945 and parameters: {'max_depth': 7, 'min_child_weight': 3, 'subsample': 0.6, 'colsample_bytree': 0.6, 'learning_rate': 0.01}. Best is trial 84 with value: 0.7534991583672153.
[I 2025-01-09 19:11:05,120] Trial 234 finished with value: 0.7480408693061895 and parameters: {'max_depth': 7, 'min_child_weight': 3, 'subsample': 0.8, 'colsample_bytree': 1.0, 'learning_rate': 0.1}. Best is trial 84 with value: 0.7534991583672153.
[I 2025-01-09 19:11:16,296] Trial 235 finished with value: 0.6938150209361815 and parameters: {'max_depth': 5, 'min_child_weight': 1, 'subsample': 0.6, 'colsample_bytree': 0.6, 'learning_rate': 0.01}. Best is trial 84 with value: 0.7534991583672153.
[I 2025-01-09 19:11:43,394] Trial 236 finished with value: 0.707249252296714 and parameters: {'max_depth': 7, 'min_child_weight': 3, 'subsample': 0.8, 'colsample_bytree': 0.8, 'learning_rate': 0.01}. Best is trial 84 with value: 0.7534991583672153.
[I 2025-01-09 19:11:49,780] Trial 237 finished with value: 0.73971500749845 and parameters: {'max_depth': 3, 'min_child_weight': 5, 'subsample': 0.6, 'colsample_bytree': 1.0, 'learning_rate': 0.1}. Best is trial 84 with value: 0.7534991583672153.
[I 2025-01-09 19:12:00,640] Trial 238 finished with value: 0.751119676339141 and parameters: {'max_depth': 5, 'min_child_weight': 3, 'subsample': 0.8, 'colsample_bytree': 0.6, 'learning_rate': 0.3}. Best is trial 84 with value: 0.7534991583672153.
[I 2025-01-09 19:12:07,027] Trial 239 finished with value: 0.7381056616907897 and parameters: {'max_depth': 3, 'min_child_weight': 3, 'subsample': 0.6, 'colsample_bytree': 1.0, 'learning_rate': 0.1}. Best is trial 84 with value: 0.7534991583672153.
[I 2025-01-09 19:12:20,118] Trial 240 finished with value: 0.7492302186923496 and parameters: {'max_depth': 5, 'min_child_weight': 1, 'subsample': 0.6, 'colsample_bytree': 0.8, 'learning_rate': 0.1}. Best is trial 84 with value: 0.7534991583672153.
[I 2025-01-09 19:12:46,509] Trial 241 finished with value: 0.74181381472232 and parameters: {'max_depth': 7, 'min_child_weight': 1, 'subsample': 1.0, 'colsample_bytree': 0.6, 'learning_rate': 0.1}. Best is trial 84 with value: 0.7534991583672153.
