[I 2025-01-09 19:13:00,565] Trial 242 finished with value: 0.6907361894264878 and parameters: {'max_depth': 5, 'min_child_weight': 1, 'subsample': 0.8, 'colsample_bytree': 1.0, 'learning_rate': 0.01}. Best is trial 84 with value: 0.7534991583672153.
Number of training samples: 14292
Number of test samples: 3573
Tuning hyperparameters...
Number of training samples: 14292
Number of training samples: 14292
Number of training samples: 14292
Number of training samples: 14292
Number of training samples: 14292
Number of training samples: 14292
Number of training samples: 14292
Number of training samples: 14292
Number of training samples: 14292
Number of training samples: 14292
Number of training samples: 14292
Number of training samples: 14292
Number of training samples: 14292
Number of training samples: 14292
Number of training samples: 14292
Number of training samples: 14292
Number of training samples: 14292
Number of training samples: 14292
Number of training samples: 14292
Number of training samples: 14292
Number of training samples: 14292
Number of training samples: 14292
Number of training samples: 14292
Number of training samples: 14292
Number of training samples: 14292
Number of training samples: 14292
Number of training samples: 14292
Number of training samples: 14292
Number of training samples: 14292
Number of training samples: 14292
Number of training samples: 14292
Number of training samples: 14292
Number of training samples: 14292
Number of training samples: 14292
Number of training samples: 14292
Number of training samples: 14292
Number of training samples: 14292
Number of training samples: 14292
Number of training samples: 14292
Number of training samples: 14292
Number of training samples: 14292
Number of training samples: 14292
Number of training samples: 14292
Number of training samples: 14292
Number of training samples: 14292
Number of training samples: 14292
Number of training samples: 14292
Number of training samples: 14292
Number of training samples: 14292
Number of training samples: 14292
Number of training samples: 14292
Number of training samples: 14292
Number of training samples: 14292
Number of training samples: 14292
Number of training samples: 14292
Number of training samples: 14292
Number of training samples: 14292
Number of training samples: 14292
Number of training samples: 14292
Number of training samples: 14292
Number of training samples: 14292
Number of training samples: 14292
Number of training samples: 14292
Number of training samples: 14292
Number of training samples: 14292
Number of training samples: 14292
Number of training samples: 14292
Number of training samples: 14292
Number of training samples: 14292
Number of training samples: 14292
Number of training samples: 14292
Number of training samples: 14292
Number of training samples: 14292
Number of training samples: 14292
Number of training samples: 14292
Number of training samples: 14292
Number of training samples: 14292
Number of training samples: 14292
Number of training samples: 14292
Number of training samples: 14292
Number of training samples: 14292
Number of training samples: 14292
Number of training samples: 14292
Number of training samples: 14292
Number of training samples: 14292
Number of training samples: 14292
Number of training samples: 14292
Number of training samples: 14292
Number of training samples: 14292
Number of training samples: 14292
Number of training samples: 14292
Number of training samples: 14292
Number of training samples: 14292
Number of training samples: 14292
Number of training samples: 14292
Number of training samples: 14292
Number of training samples: 14292
Number of training samples: 14292
Number of training samples: 14292
Number of training samples: 14292
Number of training samples: 14292
Number of training samples: 14292
Number of training samples: 14292
Number of training samples: 14292
Number of training samples: 14292
Number of training samples: 14292
Number of training samples: 14292
Number of training samples: 14292
Number of training samples: 14292
Number of training samples: 14292
Number of training samples: 14292
Number of training samples: 14292
Number of training samples: 14292
Number of training samples: 14292
Number of training samples: 14292
Number of training samples: 14292
Number of training samples: 14292
Number of training samples: 14292
Number of training samples: 14292
Number of training samples: 14292
Number of training samples: 14292
Number of training samples: 14292
Number of training samples: 14292
Number of training samples: 14292
Number of training samples: 14292
Number of training samples: 14292
Number of training samples: 14292
Number of training samples: 14292
Number of training samples: 14292
Number of training samples: 14292
Number of training samples: 14292
Number of training samples: 14292
Number of training samples: 14292
Number of training samples: 14292
Number of training samples: 14292
Number of training samples: 14292
Number of training samples: 14292
Number of training samples: 14292
Number of training samples: 14292
Number of training samples: 14292
Number of training samples: 14292
Number of training samples: 14292
Number of training samples: 14292
Number of training samples: 14292
Number of training samples: 14292
Number of training samples: 14292
Number of training samples: 14292
Number of training samples: 14292
Number of training samples: 14292
Number of training samples: 14292
Number of training samples: 14292
Number of training samples: 14292
Number of training samples: 14292
Number of training samples: 14292
Number of training samples: 14292
Number of training samples: 14292
Number of training samples: 14292
Number of training samples: 14292
Number of training samples: 14292
Number of training samples: 14292
Number of training samples: 14292
Number of training samples: 14292
Number of training samples: 14292
Number of training samples: 14292
Number of training samples: 14292
Number of training samples: 14292
Number of training samples: 14292
Number of training samples: 14292
Number of training samples: 14292
Number of training samples: 14292
Number of training samples: 14292
Number of training samples: 14292
Number of training samples: 14292
Number of training samples: 14292
Number of training samples: 14292
Number of training samples: 14292
Number of training samples: 14292
Number of training samples: 14292
Number of training samples: 14292
Number of training samples: 14292
Number of training samples: 14292
Number of training samples: 14292
Number of training samples: 14292
Number of training samples: 14292
Number of training samples: 14292
Number of training samples: 14292
Number of training samples: 14292
Number of training samples: 14292
Number of training samples: 14292
Number of training samples: 14292
Number of training samples: 14292
Number of training samples: 14292
Number of training samples: 14292
Number of training samples: 14292
Number of training samples: 14292
Number of training samples: 14292
Number of training samples: 14292
Number of training samples: 14292
Number of training samples: 14292
Number of training samples: 14292
Number of training samples: 14292
Number of training samples: 14292
Number of training samples: 14292
Number of training samples: 14292
Number of training samples: 14292
Number of training samples: 14292
Number of training samples: 14292
Number of training samples: 14292
Number of training samples: 14292
Number of training samples: 14292
Number of training samples: 14292
Number of training samples: 14292
Number of training samples: 14292
Number of training samples: 14292
Number of training samples: 14292
Number of training samples: 14292
Number of training samples: 14292
Number of training samples: 14292
Number of training samples: 14292
Number of training samples: 14292
Number of training samples: 14292
Number of training samples: 14292
Number of training samples: 14292
Number of training samples: 14292
Number of training samples: 14292
Number of training samples: 14292
Number of training samples: 14292
Number of training samples: 14292
Number of training samples: 14292
Number of training samples: 14292
Number of training samples: 14292
Number of training samples: 14292
Number of training samples: 14292
Number of training samples: 14292
Number of training samples: 14292
Number of training samples: 14292
Number of training samples: 14292
Number of training samples: 14292
Number of training samples: 14292
Number of training samples: 14292
Number of training samples: 14292
Number of training samples: 14292
Number of training samples: 14292
Best Hyperparams:  {'max_depth': 3, 'min_child_weight': 1, 'subsample': 1.0, 'colsample_bytree': 0.8, 'learning_rate': 0.3}
Best Accuracy:  0.7534991583672153
saving hyperparameters each trials and best hyperparameters
Best hyperparameters and trials are saved under logs/best_hyperparameters.json and logs/optuna_trials.csv.
Initializing model...
Training model...
Accuracy on training data: 0.8435488385110551
Evaluating model...
Accuracy: 0.7111670864819479
Confusion matrix: [[1014   17   83   37   57   86  177]
 [  11   47    2    0    0    5    3]
 [  50    6   82    4    5   13   11]
 [  62    1    5  392   18   10   21]
 [  32    1    2    4  287   10    2]
 [  60    9   17    2    7  193    3]
 [ 136    4   26   12   12    9  526]]
Classification report:               precision    recall  f1-score   support

           0       0.74      0.69      0.72      1471
           1       0.55      0.69      0.61        68
           2       0.38      0.48      0.42       171
           3       0.87      0.77      0.82       509
           4       0.74      0.85      0.79       338
           5       0.59      0.66      0.63       291
           6       0.71      0.73      0.72       725

    accuracy                           0.71      3573
   macro avg       0.66      0.70      0.67      3573
weighted avg       0.72      0.71      0.71      3573

Number of test samples: 3573

End Time   : Do 9. Jan 19:13:03 CET 2025
Duration   : 3433.693631940 seconds
